============================= test session starts =============================
platform win32 -- Python 3.10.11, pytest-8.4.2, pluggy-1.6.0
rootdir: D:\Done,Toreview\SnS_App
plugins: anyio-4.11.0, cov-7.0.0, html-4.0.2, metadata-3.1.1, mock-3.15.1, ordering-0.6, rerunfailures-16.1, xdist-3.8.0, seleniumbase-4.44.15
collected 33 items

api\tests\test_api.py ......                                             [ 18%]
api\tests\test_fourier.py ...                                            [ 27%]
api\tests\test_period_detection.py ......                                [ 45%]
api\tests\test_symbolic.py ...........                                   [ 78%]
api\tests\test_system_analyzer.py .......                                [100%]

============================= 33 passed in 4.83s ==============================
