============================= test session starts =============================
platform win32 -- Python 3.10.11, pytest-8.4.2, pluggy-1.6.0
rootdir: D:\Finished Projects\Resume\SnS_App
plugins: anyio-4.11.0, asyncio-1.3.0, cov-7.0.0, html-4.0.2, metadata-3.1.1, mock-3.15.1, ordering-0.6, rerunfailures-16.1, xdist-3.8.0, seleniumbase-4.44.15
asyncio: mode=strict, debug=False, asyncio_default_fixture_loop_scope=None, asyncio_default_test_loop_scope=function
collected 38 items

api\tests\test_api.py ..........                                         [ 26%]
api\tests\test_fourier.py ...                                            [ 34%]
api\tests\test_period_detection.py ......                                [ 50%]
api\tests\test_symbolic.py ............                                  [ 81%]
api\tests\test_system_analyzer.py .......                                [100%]

============================= 38 passed in 3.83s ==============================
